/*C5*/SET SCHEMA PUBLIC
create table t_tab(\u000a\u0009ID INTEGER  GENERATED BY DEFAULT AS IDENTITY(START WITH 1) NOT NULL PRIMARY KEY,\u000a    ID_PROJ INTEGER,\u000a\u0009TAB_CODE VARCHAR(32),\u000a\u0009TAB_NAME VARCHAR(128),\u000a\u0009DISPLAY TINYINT,\u000a\u0009EIDTABLE TINYINT,\u000a    CREATE_TIME DATETIME,\u000a    UPDATE_TIME DATETIME,\u000a    VERSION INTEGER\u000a)\u000d\u000a
DISCONNECT
/*C6*/SET SCHEMA PUBLIC
DISCONNECT
/*C7*/SET SCHEMA PUBLIC
drop table t_tab\u000d\u000a
create table t_tab(\u000a\u0009ID INTEGER  GENERATED BY DEFAULT AS IDENTITY(START WITH 1) NOT NULL PRIMARY KEY,\u000a    ID_PROJ INTEGER,\u000a\u0009TAB_CODE VARCHAR(32),\u000a\u0009TAB_NAME VARCHAR(128),\u000a\u0009DISPLAY TINYINT,\u000a\u0009EDITABLE TINYINT,\u000a    CREATE_TIME DATETIME,\u000a    UPDATE_TIME DATETIME,\u000a    VERSION INTEGER\u000a)\u000d\u000a
DISCONNECT
/*C8*/SET SCHEMA PUBLIC
create table t_col(\u000a\u0009ID INTEGER  GENERATED BY DEFAULT AS IDENTITY(START WITH 1) NOT NULL PRIMARY KEY,\u000a    ID_TAB INTEGER,\u000a\u0009COL_CODE VARCHAR(32),\u000a\u0009COL_NAME VARCHAR(128),\u000a\u0009COL_TYPE VARCHAR(4),\u000a\u0009COL_LEN INTEGER,\u000a\u0009COL_REG VARCHAR(128),\u000a\u0009COL_RANGE VARCHAR(128),\u000a\u0009COL_MEMO VARCHAR(128),\u000a\u0009DISPLAY TINYINT,\u000a\u0009EDITABLE TINYINT,\u000a    CREATE_TIME DATETIME,\u000a    UPDATE_TIME DATETIME,\u000a    VERSION INTEGER\u000a)\u000d\u000a
DISCONNECT
/*C9*/SET SCHEMA PUBLIC
DISCONNECT
/*C10*/SET SCHEMA PUBLIC
drop table t_col\u000d\u000a
create table t_col(\u000a\u0009ID INTEGER  GENERATED BY DEFAULT AS IDENTITY(START WITH 1) NOT NULL PRIMARY KEY,\u000a    ID_TAB INTEGER,\u000a\u0009COL_CODE VARCHAR(32),\u000a\u0009COL_NAME VARCHAR(128),\u000a\u0009COL_TYPE VARCHAR(4),\u000a\u0009COL_LEN INTEGER,\u000a\u0009NULLABLE TINYINT,\u000a\u0009COL_REG VARCHAR(128),\u000a\u0009COL_RANGE VARCHAR(128),\u000a\u0009COL_MEMO VARCHAR(128),\u000a\u0009DISPLAY TINYINT,\u000a\u0009EDITABLE TINYINT,\u000a    CREATE_TIME DATETIME,\u000a    UPDATE_TIME DATETIME,\u000a    VERSION INTEGER\u000a)\u000d\u000a
DISCONNECT
/*C11*/SET SCHEMA PUBLIC
drop table t_col\u000d\u000a
create table t_col(\u000a\u0009ID INTEGER  GENERATED BY DEFAULT AS IDENTITY(START WITH 1) NOT NULL PRIMARY KEY,\u000a    ID_TAB INTEGER,\u000a\u0009COL_CODE VARCHAR(32),\u000a\u0009COL_NAME VARCHAR(128),\u000a\u0009COL_TYPE VARCHAR(4),\u000a\u0009COL_COLLECTION_TYPE VARCHAR(4),\u000a\u0009COL_LEN INTEGER,\u000a\u0009NULLABLE TINYINT,\u000a\u0009QUERYABLE TINYINT,\u000a\u0009COL_REG VARCHAR(128),\u000a\u0009COL_RANGE VARCHAR(128),\u000a\u0009COL_MEMO VARCHAR(128),\u000a\u0009DISPLAY TINYINT,\u000a\u0009EDITABLE TINYINT,\u000a    CREATE_TIME DATETIME,\u000a    UPDATE_TIME DATETIME,\u000a    VERSION INTEGER\u000a)\u000d\u000a
DISCONNECT
/*C4*/SET SCHEMA PUBLIC
DISCONNECT
/*C3*/SET SCHEMA PUBLIC
DISCONNECT
